<?xml version="1.0" encoding="UTF-8"?>
<!-- Generated by org.testng.reporters.JUnitReportReporter -->
<testsuite hostname="LAPTOP-9SHU180Q" failures="0" tests="4" name="com.SwagLabs.TestCases.AddToCartTest" time="10.695" errors="0" timestamp="2024-04-12T18:16:25 IST" skipped="0">
  <testcase classname="com.SwagLabs.TestCases.AddToCartTest" name="validateCartButton" time="2.114"/>
  <system-out/>
  <testcase classname="com.SwagLabs.TestCases.AddToCartTest" name="validateRemoveButton" time="2.089"/>
  <system-out/>
  <testcase classname="com.SwagLabs.TestCases.AddToCartTest" name="validateContinueButton" time="6.404"/>
  <system-out/>
  <testcase classname="com.SwagLabs.TestCases.AddToCartTest" name="validateCheckOutButton" time="0.088"/>
  <system-out/>
</testsuite> <!-- com.SwagLabs.TestCases.AddToCartTest -->
