<?xml version="1.0" encoding="UTF-8"?>
<!-- Generated by org.testng.reporters.JUnitReportReporter -->
<testsuite hostname="LAPTOP-9SHU180Q" failures="0" tests="3" name="com.SwagLabs.TestCases.OverviewTest" time="0.389" errors="0" timestamp="2024-04-16T13:04:16 IST" skipped="0">
  <testcase classname="com.SwagLabs.TestCases.OverviewTest" name="verifyUrl" time="0.019"/>
  <system-out/>
  <testcase classname="com.SwagLabs.TestCases.OverviewTest" name="getProductDetails" time="0.155"/>
  <system-out/>
  <testcase classname="com.SwagLabs.TestCases.OverviewTest" name="docomplete" time="0.215"/>
  <system-out/>
</testsuite> <!-- com.SwagLabs.TestCases.OverviewTest -->
