<?xml version="1.0" encoding="UTF-8"?>
<!-- Generated by org.testng.reporters.JUnitReportReporter -->
<testsuite hostname="LAPTOP-9SHU180Q" failures="0" tests="1" name="com.SwagLabs.TestCases.CheckOutTest" time="0.378" errors="0" timestamp="2024-04-13T12:32:15 IST" skipped="0">
  <testcase classname="com.SwagLabs.TestCases.CheckOutTest" name="doContinueProcess" time="0.378"/>
  <system-out/>
</testsuite> <!-- com.SwagLabs.TestCases.CheckOutTest -->
