<?xml version="1.0" encoding="UTF-8"?>
<!-- Generated by org.testng.reporters.JUnitReportReporter -->
<testsuite hostname="LAPTOP-9SHU180Q" failures="0" tests="1" name="reportsDemo.ExtentReportDemo" time="0.405" errors="0" timestamp="2024-05-02T06:16:36 IST" skipped="0">
  <testcase classname="reportsDemo.ExtentReportDemo" name="ExtentReport" time="0.405"/>
  <system-out/>
</testsuite> <!-- reportsDemo.ExtentReportDemo -->
