<?xml version="1.0" encoding="UTF-8"?>
<!-- Generated by org.testng.reporters.JUnitReportReporter -->
<testsuite hostname="LAPTOP-9SHU180Q" failures="0" tests="3" name="com.SwagLabs.TestCases.InventoryPageTest" time="0.342" errors="0" timestamp="2024-04-12T16:33:46 IST" skipped="0">
  <testcase classname="com.SwagLabs.TestCases.InventoryPageTest" name="verifyProductCount" time="0.036"/>
  <system-out/>
  <testcase classname="com.SwagLabs.TestCases.InventoryPageTest" name="verifyProductsName" time="0.120"/>
  <system-out/>
  <testcase classname="com.SwagLabs.TestCases.InventoryPageTest" name="addToCartProduct" time="0.186"/>
  <system-out/>
</testsuite> <!-- com.SwagLabs.TestCases.InventoryPageTest -->
