<?xml version="1.0" encoding="UTF-8"?>
<!-- Generated by org.testng.reporters.JUnitReportReporter -->
<testsuite hostname="LAPTOP-9SHU180Q" failures="0" tests="1" name="reportsDemo.GoogleTitleValidation" time="3.921" errors="0" timestamp="2024-05-03T17:33:24 IST" skipped="0">
  <testcase classname="reportsDemo.GoogleTitleValidation" name="GoogleTitle" time="3.921"/>
  <system-out/>
</testsuite> <!-- reportsDemo.GoogleTitleValidation -->
