<?xml version="1.0" encoding="UTF-8"?>
<!-- Generated by org.testng.reporters.JUnitReportReporter -->
<testsuite hostname="LAPTOP-9SHU180Q" failures="0" tests="3" name="com.SwagLabs.TestCases.OverviewTest" time="0.374" errors="0" timestamp="2024-05-02T07:05:27 IST" skipped="0">
  <testcase classname="com.SwagLabs.TestCases.OverviewTest" name="verifyUrl" time="0.029"/>
  <system-out/>
  <testcase classname="com.SwagLabs.TestCases.OverviewTest" name="getProductDetails" time="0.151"/>
  <system-out/>
  <testcase classname="com.SwagLabs.TestCases.OverviewTest" name="docomplete" time="0.194"/>
  <system-out/>
</testsuite> <!-- com.SwagLabs.TestCases.OverviewTest -->
